# JRE version: Java(TM) SE Runtime Environment (17.0.2+8) (build 17.0.2+8-LTS-86)
# Java VM: Java HotSpot(TM) 64-Bit Server VM (17.0.2+8-LTS-86, mixed mode, sharing, tiered, compressed oops, compressed class ptrs, g1 gc, windows-amd64)
GC Precious Log:
 CPUs: 4 total, 4 available
 Memory: 6086M
 Large Page Support: Disabled
 NUMA Support: Disabled
 Compressed Oops: Enabled (32-bit)
 Heap Region Size: 1M
 Heap Min Capacity: 8M
 Heap Initial Capacity: 96M
 Heap Max Capacity: 1522M
 Pre-touch: Disabled
 Parallel Workers: 4
 Concurrent Workers: 1
 Concurrent Refinement Workers: 4
 Periodic GC: Disabled
Heap:
 garbage-first heap   total 40960K, used 25256K [0x00000000a0e00000, 0x0000000100000000)
  region size 1024K, 2 young (2048K), 1 survivors (1024K)
 Metaspace       used 21138K, committed 21632K, reserved 1073152K
  class space    used 2402K, committed 2624K, reserved 1048576K
GC Heap History (14 events):
Event: 3.846 GC heap before
{Heap before GC invocations=0 (full 0):
 garbage-first heap   total 98304K, used 12288K [0x00000000a0e00000, 0x0000000100000000)
  region size 1024K, 13 young (13312K), 0 survivors (0K)
 Metaspace       used 8046K, committed 8256K, reserved 1056768K
  class space    used 911K, committed 1024K, reserved 1048576K
}
Event: 3.859 GC heap after
{Heap after GC invocations=1 (full 0):
 garbage-first heap   total 98304K, used 4703K [0x00000000a0e00000, 0x0000000100000000)
  region size 1024K, 2 young (2048K), 2 survivors (2048K)
 Metaspace       used 8046K, committed 8256K, reserved 1056768K
  class space    used 911K, committed 1024K, reserved 1048576K
}
Event: 18.374 GC heap before
{Heap before GC invocations=1 (full 0):
 garbage-first heap   total 98304K, used 11871K [0x00000000a0e00000, 0x0000000100000000)
  region size 1024K, 9 young (9216K), 2 survivors (2048K)
 Metaspace       used 9112K, committed 9344K, reserved 1056768K
  class space    used 1024K, committed 1152K, reserved 1048576K
}
Event: 18.381 GC heap after
{Heap after GC invocations=2 (full 0):
 garbage-first heap   total 98304K, used 5423K [0x00000000a0e00000, 0x0000000100000000)
  region size 1024K, 1 young (1024K), 1 survivors (1024K)
 Metaspace       used 9112K, committed 9344K, reserved 1056768K
  class space    used 1024K, committed 1152K, reserved 1048576K
}
Event: 126.550 GC heap before
{Heap before GC invocations=2 (full 0):
 garbage-first heap   total 98304K, used 32047K [0x00000000a0e00000, 0x0000000100000000)
  region size 1024K, 27 young (27648K), 1 survivors (1024K)
 Metaspace       used 21144K, committed 21440K, reserved 1073152K
  class space    used 2422K, committed 2560K, reserved 1048576K
}
Event: 126.559 GC heap after
{Heap after GC invocations=3 (full 0):
 garbage-first heap   total 98304K, used 8788K [0x00000000a0e00000, 0x0000000100000000)
  region size 1024K, 4 young (4096K), 4 survivors (4096K)
 Metaspace       used 21144K, committed 21440K, reserved 1073152K
  class space    used 2422K, committed 2560K, reserved 1048576K
}
Event: 150.781 GC heap before
{Heap before GC invocations=3 (full 0):
 garbage-first heap   total 98304K, used 11860K [0x00000000a0e00000, 0x0000000100000000)
  region size 1024K, 8 young (8192K), 4 survivors (4096K)
 Metaspace       used 21262K, committed 21504K, reserved 1073152K
  class space    used 2440K, committed 2560K, reserved 1048576K
}
Event: 150.788 GC heap after
{Heap after GC invocations=4 (full 0):
 garbage-first heap   total 98304K, used 9237K [0x00000000a0e00000, 0x0000000100000000)
  region size 1024K, 1 young (1024K), 1 survivors (1024K)
 Metaspace       used 21262K, committed 21504K, reserved 1073152K
  class space    used 2440K, committed 2560K, reserved 1048576K
}
Event: 1022.407 GC heap before
{Heap before GC invocations=5 (full 0):
 garbage-first heap   total 37888K, used 18453K [0x00000000a0e00000, 0x0000000100000000)
  region size 1024K, 4 young (4096K), 1 survivors (1024K)
 Metaspace       used 21301K, committed 21632K, reserved 1073152K
  class space    used 2442K, committed 2624K, reserved 1048576K
}
Event: 1023.215 GC heap after
{Heap after GC invocations=6 (full 0):
 garbage-first heap   total 37888K, used 16226K [0x00000000a0e00000, 0x0000000100000000)
  region size 1024K, 1 young (1024K), 1 survivors (1024K)
 Metaspace       used 21301K, committed 21632K, reserved 1073152K
  class space    used 2442K, committed 2624K, reserved 1048576K
}
Event: 1027.044 GC heap before
{Heap before GC invocations=6 (full 0):
 garbage-first heap   total 37888K, used 19298K [0x00000000a0e00000, 0x0000000100000000)
  region size 1024K, 2 young (2048K), 1 survivors (1024K)
 Metaspace       used 21302K, committed 21632K, reserved 1073152K
  class space    used 2442K, committed 2624K, reserved 1048576K
}
Event: 1027.045 GC heap after
{Heap after GC invocations=7 (full 0):
 garbage-first heap   total 37888K, used 19132K [0x00000000a0e00000, 0x0000000100000000)
  region size 1024K, 1 young (1024K), 1 survivors (1024K)
 Metaspace       used 21302K, committed 21632K, reserved 1073152K
  class space    used 2442K, committed 2624K, reserved 1048576K
}
Event: 1861.905 GC heap before
{Heap before GC invocations=8 (full 0):
 garbage-first heap   total 40960K, used 22204K [0x00000000a0e00000, 0x0000000100000000)
  region size 1024K, 2 young (2048K), 1 survivors (1024K)
 Metaspace       used 21304K, committed 21632K, reserved 1073152K
  class space    used 2442K, committed 2624K, reserved 1048576K
}
Event: 1861.912 GC heap after
{Heap after GC invocations=9 (full 0):
 garbage-first heap   total 40960K, used 22184K [0x00000000a0e00000, 0x0000000100000000)
  region size 1024K, 1 young (1024K), 1 survivors (1024K)
 Metaspace       used 21304K, committed 21632K, reserved 1073152K
  class space    used 2442K, committed 2624K, reserved 1048576K
}

