# JRE version: Java(TM) SE Runtime Environment (17.0.2+8) (build 17.0.2+8-LTS-86)
# Java VM: Java HotSpot(TM) 64-Bit Server VM (17.0.2+8-LTS-86, mixed mode, sharing, tiered, compressed oops, compressed class ptrs, g1 gc, windows-amd64)
GC Precious Log:
 CPUs: 4 total, 4 available
 Memory: 6086M
 Large Page Support: Disabled
 NUMA Support: Disabled
 Compressed Oops: Enabled (32-bit)
 Heap Region Size: 1M
 Heap Min Capacity: 8M
 Heap Initial Capacity: 96M
 Heap Max Capacity: 1522M
 Pre-touch: Disabled
 Parallel Workers: 4
 Concurrent Workers: 1
 Concurrent Refinement Workers: 4
 Periodic GC: Disabled
Heap:
 garbage-first heap   total 98304K, used 16565K [0x00000000a0e00000, 0x0000000100000000)
  region size 1024K, 5 young (5120K), 3 survivors (3072K)
 Metaspace       used 17699K, committed 17920K, reserved 1064960K
  class space    used 1994K, committed 2112K, reserved 1048576K
GC Heap History (6 events):
Event: 1.460 GC heap before
{Heap before GC invocations=0 (full 0):
 garbage-first heap   total 98304K, used 12288K [0x00000000a0e00000, 0x0000000100000000)
  region size 1024K, 13 young (13312K), 0 survivors (0K)
 Metaspace       used 7995K, committed 8256K, reserved 1056768K
  class space    used 904K, committed 1024K, reserved 1048576K
}
Event: 1.467 GC heap after
{Heap after GC invocations=1 (full 0):
 garbage-first heap   total 98304K, used 4216K [0x00000000a0e00000, 0x0000000100000000)
  region size 1024K, 2 young (2048K), 2 survivors (2048K)
 Metaspace       used 7995K, committed 8256K, reserved 1056768K
  class space    used 904K, committed 1024K, reserved 1048576K
}
Event: 5.054 GC heap before
{Heap before GC invocations=1 (full 0):
 garbage-first heap   total 98304K, used 11384K [0x00000000a0e00000, 0x0000000100000000)
  region size 1024K, 9 young (9216K), 2 survivors (2048K)
 Metaspace       used 8720K, committed 8896K, reserved 1056768K
  class space    used 985K, committed 1024K, reserved 1048576K
}
Event: 5.058 GC heap after
{Heap after GC invocations=2 (full 0):
 garbage-first heap   total 98304K, used 4953K [0x00000000a0e00000, 0x0000000100000000)
  region size 1024K, 1 young (1024K), 1 survivors (1024K)
 Metaspace       used 8720K, committed 8896K, reserved 1056768K
  class space    used 985K, committed 1024K, reserved 1048576K
}
Event: 11.662 GC heap before
{Heap before GC invocations=2 (full 0):
 garbage-first heap   total 98304K, used 39769K [0x00000000a0e00000, 0x0000000100000000)
  region size 1024K, 28 young (28672K), 1 survivors (1024K)
 Metaspace       used 17549K, committed 17792K, reserved 1064960K
  class space    used 1986K, committed 2112K, reserved 1048576K
}
Event: 11.665 GC heap after
{Heap after GC invocations=3 (full 0):
 garbage-first heap   total 98304K, used 15541K [0x00000000a0e00000, 0x0000000100000000)
  region size 1024K, 3 young (3072K), 3 survivors (3072K)
 Metaspace       used 17549K, committed 17792K, reserved 1064960K
  class space    used 1986K, committed 2112K, reserved 1048576K
}

