# JRE version: Java(TM) SE Runtime Environment (17.0.2+8) (build 17.0.2+8-LTS-86)
# Java VM: Java HotSpot(TM) 64-Bit Server VM (17.0.2+8-LTS-86, mixed mode, sharing, tiered, compressed oops, compressed class ptrs, g1 gc, windows-amd64)
GC Precious Log:
 CPUs: 4 total, 4 available
 Memory: 6086M
 Large Page Support: Disabled
 NUMA Support: Disabled
 Compressed Oops: Enabled (32-bit)
 Heap Region Size: 1M
 Heap Min Capacity: 8M
 Heap Initial Capacity: 96M
 Heap Max Capacity: 1522M
 Pre-touch: Disabled
 Parallel Workers: 4
 Concurrent Workers: 1
 Concurrent Refinement Workers: 4
 Periodic GC: Disabled
Heap:
 garbage-first heap   total 98304K, used 24864K [0x00000000a0e00000, 0x0000000100000000)
  region size 1024K, 14 young (14336K), 4 survivors (4096K)
 Metaspace       used 18687K, committed 18880K, reserved 1073152K
  class space    used 2067K, committed 2176K, reserved 1048576K
GC Heap History (6 events):
Event: 1.296 GC heap before
{Heap before GC invocations=0 (full 0):
 garbage-first heap   total 98304K, used 12288K [0x00000000a0e00000, 0x0000000100000000)
  region size 1024K, 13 young (13312K), 0 survivors (0K)
 Metaspace       used 7983K, committed 8192K, reserved 1056768K
  class space    used 904K, committed 1024K, reserved 1048576K
}
Event: 1.303 GC heap after
{Heap after GC invocations=1 (full 0):
 garbage-first heap   total 98304K, used 4646K [0x00000000a0e00000, 0x0000000100000000)
  region size 1024K, 2 young (2048K), 2 survivors (2048K)
 Metaspace       used 7983K, committed 8192K, reserved 1056768K
  class space    used 904K, committed 1024K, reserved 1048576K
}
Event: 3.978 GC heap before
{Heap before GC invocations=1 (full 0):
 garbage-first heap   total 98304K, used 11814K [0x00000000a0e00000, 0x0000000100000000)
  region size 1024K, 9 young (9216K), 2 survivors (2048K)
 Metaspace       used 8700K, committed 8896K, reserved 1056768K
  class space    used 985K, committed 1088K, reserved 1048576K
}
Event: 3.981 GC heap after
{Heap after GC invocations=2 (full 0):
 garbage-first heap   total 98304K, used 4938K [0x00000000a0e00000, 0x0000000100000000)
  region size 1024K, 1 young (1024K), 1 survivors (1024K)
 Metaspace       used 8700K, committed 8896K, reserved 1056768K
  class space    used 985K, committed 1088K, reserved 1048576K
}
Event: 47.646 GC heap before
{Heap before GC invocations=2 (full 0):
 garbage-first heap   total 98304K, used 35658K [0x00000000a0e00000, 0x0000000100000000)
  region size 1024K, 28 young (28672K), 1 survivors (1024K)
 Metaspace       used 18490K, committed 18752K, reserved 1073152K
  class space    used 2054K, committed 2176K, reserved 1048576K
}
Event: 47.650 GC heap after
{Heap after GC invocations=3 (full 0):
 garbage-first heap   total 98304K, used 11552K [0x00000000a0e00000, 0x0000000100000000)
  region size 1024K, 4 young (4096K), 4 survivors (4096K)
 Metaspace       used 18490K, committed 18752K, reserved 1073152K
  class space    used 2054K, committed 2176K, reserved 1048576K
}

