# JRE version: Java(TM) SE Runtime Environment (17.0.2+8) (build 17.0.2+8-LTS-86)
# Java VM: Java HotSpot(TM) 64-Bit Server VM (17.0.2+8-LTS-86, mixed mode, sharing, tiered, compressed oops, compressed class ptrs, g1 gc, windows-amd64)
GC Precious Log:
 CPUs: 4 total, 4 available
 Memory: 6086M
 Large Page Support: Disabled
 NUMA Support: Disabled
 Compressed Oops: Enabled (32-bit)
 Heap Region Size: 1M
 Heap Min Capacity: 8M
 Heap Initial Capacity: 96M
 Heap Max Capacity: 1522M
 Pre-touch: Disabled
 Parallel Workers: 4
 Concurrent Workers: 1
 Concurrent Refinement Workers: 4
 Periodic GC: Disabled
Heap:
 garbage-first heap   total 98304K, used 25630K [0x00000000a0e00000, 0x0000000100000000)
  region size 1024K, 23 young (23552K), 2 survivors (2048K)
 Metaspace       used 20880K, committed 21120K, reserved 1073152K
  class space    used 2334K, committed 2432K, reserved 1048576K
GC Heap History (6 events):
Event: 9.211 GC heap before
{Heap before GC invocations=0 (full 0):
 garbage-first heap   total 98304K, used 13312K [0x00000000a0e00000, 0x0000000100000000)
  region size 1024K, 13 young (13312K), 0 survivors (0K)
 Metaspace       used 9961K, committed 10176K, reserved 1064960K
  class space    used 1241K, committed 1344K, reserved 1048576K
}
Event: 9.219 GC heap after
{Heap after GC invocations=1 (full 0):
 garbage-first heap   total 98304K, used 4012K [0x00000000a0e00000, 0x0000000100000000)
  region size 1024K, 2 young (2048K), 2 survivors (2048K)
 Metaspace       used 9961K, committed 10176K, reserved 1064960K
  class space    used 1241K, committed 1344K, reserved 1048576K
}
Event: 10.723 GC heap before
{Heap before GC invocations=1 (full 0):
 garbage-first heap   total 98304K, used 9132K [0x00000000a0e00000, 0x0000000100000000)
  region size 1024K, 8 young (8192K), 2 survivors (2048K)
 Metaspace       used 9987K, committed 10240K, reserved 1064960K
  class space    used 1242K, committed 1344K, reserved 1048576K
}
Event: 10.728 GC heap after
{Heap after GC invocations=2 (full 0):
 garbage-first heap   total 98304K, used 4623K [0x00000000a0e00000, 0x0000000100000000)
  region size 1024K, 1 young (1024K), 1 survivors (1024K)
 Metaspace       used 9987K, committed 10240K, reserved 1064960K
  class space    used 1242K, committed 1344K, reserved 1048576K
}
Event: 251.158 GC heap before
{Heap before GC invocations=2 (full 0):
 garbage-first heap   total 98304K, used 30223K [0x00000000a0e00000, 0x0000000100000000)
  region size 1024K, 26 young (26624K), 1 survivors (1024K)
 Metaspace       used 12324K, committed 12480K, reserved 1064960K
  class space    used 1378K, committed 1472K, reserved 1048576K
}
Event: 251.160 GC heap after
{Heap after GC invocations=3 (full 0):
 garbage-first heap   total 98304K, used 5150K [0x00000000a0e00000, 0x0000000100000000)
  region size 1024K, 2 young (2048K), 2 survivors (2048K)
 Metaspace       used 12324K, committed 12480K, reserved 1064960K
  class space    used 1378K, committed 1472K, reserved 1048576K
}

